t=2021-02-07T17:19:42+0900 lvl=info msg="no configuration paths supplied"
t=2021-02-07T17:19:42+0900 lvl=info msg="using configuration at default config path" path=/Users/scottcho/.ngrok2/ngrok.yml
t=2021-02-07T17:19:42+0900 lvl=info msg="open config file" path=/Users/scottcho/.ngrok2/ngrok.yml err=nil
t=2021-02-07T17:19:42+0900 lvl=info msg="run component" obj=controller comp="signal handler"
t=2021-02-07T17:19:42+0900 lvl=info msg="run component" obj=controller comp="Tunnel session"
t=2021-02-07T17:19:42+0900 lvl=info msg="run component" obj=controller comp=web
t=2021-02-07T17:19:42+0900 lvl=info msg="run component" obj=controller comp="memory storage"
t=2021-02-07T17:19:42+0900 lvl=info msg="run component" obj=controller comp=updater
t=2021-02-07T17:19:42+0900 lvl=info msg="starting web service" obj=web addr=127.0.0.1:4040
t=2021-02-07T17:19:44+0900 lvl=info msg="tunnel session started" obj=tunSess
t=2021-02-07T17:19:44+0900 lvl=info msg="client session established" obj=csess id=e6b965eef64a
t=2021-02-07T17:19:44+0900 lvl=info msg="update available" obj=updater
t=2021-02-07T17:19:44+0900 lvl=info msg="wait to update manually" obj=updater
t=2021-02-07T18:26:48+0900 lvl=eror msg="heartbeat timeout, terminating session" obj=csess id=d13fb16db3e9 clientid=295976ed0a01393f2cb2f195f532e0bd
t=2021-02-07T18:26:48+0900 lvl=eror msg="session closed, starting reconnect loop" obj=csess id=e6b965eef64a err="session closed"
t=2021-02-07T18:26:49+0900 lvl=eror msg="failed to reconnect session" obj=csess id=e6b965eef64a err="dial tcp: lookup tunnel.us.ngrok.com: no such host"
t=2021-02-07T18:26:49+0900 lvl=eror msg="failed to reconnect session" obj=csess id=e6b965eef64a err="dial tcp: lookup tunnel.us.ngrok.com: no such host"
t=2021-02-07T18:26:50+0900 lvl=eror msg="failed to reconnect session" obj=csess id=e6b965eef64a err="Get https://dns.google.com/resolve?cd=true&name=tunnel.us.ngrok.com&type=A: dial tcp: lookup dns.google.com: no such host"
t=2021-02-07T18:26:52+0900 lvl=eror msg="failed to reconnect session" obj=csess id=e6b965eef64a err="Get https://s3.amazonaws.com/dns.ngrok.com/tunnel.json: dial tcp: lookup s3.amazonaws.com: no such host"
t=2021-02-07T18:26:54+0900 lvl=eror msg="failed to reconnect session" obj=csess id=e6b965eef64a err="[dial udp 8.8.8.8:53: connect: network is unreachable dial udp 8.8.4.4:53: connect: network is unreachable]"
t=2021-02-07T18:26:57+0900 lvl=eror msg="failed to reconnect session" obj=csess id=e6b965eef64a err="dial tcp: lookup tunnel.us.ngrok.com: no such host"
t=2021-02-07T18:27:01+0900 lvl=eror msg="failed to reconnect session" obj=csess id=e6b965eef64a err="Get https://dns.google.com/resolve?cd=true&name=tunnel.us.ngrok.com&type=A: dial tcp: lookup dns.google.com: no such host"
t=2021-02-07T18:27:08+0900 lvl=eror msg="failed to reconnect session" obj=csess id=e6b965eef64a err="Get https://s3.amazonaws.com/dns.ngrok.com/tunnel.json: dial tcp: lookup s3.amazonaws.com: no such host"
t=2021-02-07T19:14:58+0900 lvl=eror msg="failed to reconnect session" obj=csess id=e6b965eef64a err="[dial udp 8.8.8.8:53: connect: network is unreachable dial udp 8.8.4.4:53: connect: network is unreachable]"
t=2021-02-07T19:15:16+0900 lvl=info msg="tunnel session started" obj=tunSess
t=2021-02-07T19:15:17+0900 lvl=info msg="client session established" obj=csess id=e6b965eef64a
t=2021-02-07T19:25:43+0900 lvl=eror msg="heartbeat timeout, terminating session" obj=csess id=2ef3a4a7cddd clientid=295976ed0a01393f2cb2f195f532e0bd
t=2021-02-07T19:25:43+0900 lvl=eror msg="session closed, starting reconnect loop" obj=csess id=e6b965eef64a err="session closed"
t=2021-02-07T19:25:46+0900 lvl=info msg="tunnel session started" obj=tunSess
t=2021-02-07T19:25:47+0900 lvl=info msg="client session established" obj=csess id=e6b965eef64a
t=2021-02-07T21:24:24+0900 lvl=eror msg="heartbeat timeout, terminating session" obj=csess id=6a2ac686939e clientid=295976ed0a01393f2cb2f195f532e0bd
t=2021-02-07T21:24:24+0900 lvl=eror msg="session closed, starting reconnect loop" obj=csess id=e6b965eef64a err="session closed"
t=2021-02-07T21:24:28+0900 lvl=info msg="tunnel session started" obj=tunSess
t=2021-02-07T21:24:29+0900 lvl=info msg="client session established" obj=csess id=e6b965eef64a
t=2021-02-07T22:40:26+0900 lvl=eror msg="heartbeat timeout, terminating session" obj=csess id=0d6c29084676 clientid=295976ed0a01393f2cb2f195f532e0bd
t=2021-02-07T22:40:26+0900 lvl=eror msg="session closed, starting reconnect loop" obj=csess id=e6b965eef64a err="session closed"
t=2021-02-07T22:40:28+0900 lvl=info msg="tunnel session started" obj=tunSess
t=2021-02-07T22:40:28+0900 lvl=info msg="client session established" obj=csess id=e6b965eef64a
t=2021-02-07T23:16:49+0900 lvl=eror msg="heartbeat timeout, terminating session" obj=csess id=a29883412ada clientid=295976ed0a01393f2cb2f195f532e0bd
t=2021-02-07T23:16:49+0900 lvl=eror msg="session closed, starting reconnect loop" obj=csess id=e6b965eef64a err="session closed"
t=2021-02-07T23:16:49+0900 lvl=eror msg="failed to reconnect session" obj=csess id=e6b965eef64a err="dial tcp 3.136.132.147:443: connect: network is down"
t=2021-02-07T23:16:51+0900 lvl=info msg="tunnel session started" obj=tunSess
t=2021-02-07T23:16:52+0900 lvl=info msg="client session established" obj=csess id=e6b965eef64a
t=2021-02-08T00:15:56+0900 lvl=eror msg="heartbeat timeout, terminating session" obj=csess id=15a717a5c52f clientid=295976ed0a01393f2cb2f195f532e0bd
t=2021-02-08T00:15:56+0900 lvl=eror msg="session closed, starting reconnect loop" obj=csess id=e6b965eef64a err="session closed"
t=2021-02-08T00:15:56+0900 lvl=eror msg="failed to reconnect session" obj=csess id=e6b965eef64a err="dial tcp 3.136.132.147:443: connect: network is down"
t=2021-02-08T00:15:58+0900 lvl=info msg="tunnel session started" obj=tunSess
t=2021-02-08T00:15:58+0900 lvl=info msg="client session established" obj=csess id=e6b965eef64a
